[19:36:41] [main/INFO]: Loading Minecraft 1.18.2 with Fabric Loader 0.16.10
[19:36:42] [main/INFO]: Loading 81 mods:
	- advanced_reborn 1.0.6
	- architectury 4.9.83
	- autoconfig1u 3.4.0
	- betterdroppeditems 1.3.2-1.18.2
	- cloth-config 6.3.81
	   \-- cloth-basic-math 0.6.1
	- fabric-api 0.77.0+1.18.2
	   |-- fabric-api-base 0.4.5+64b7c69360
	   |-- fabric-api-lookup-api-v1 1.6.3+2373a54560
	   |-- fabric-biome-api-v1 8.0.7+e83becad60
	   |-- fabric-block-api-v1 1.0.0+ee3621fc60
	   |-- fabric-blockrenderlayer-v1 1.1.13+3ac43d9560
	   |-- fabric-command-api-v1 1.1.10+d7c144a860
	   |-- fabric-commands-v0 0.2.9+b4f4f6cd60
	   |-- fabric-containers-v0 0.1.24+d7c144a860
	   |-- fabric-content-registries-v0 3.1.3+c85f2e3860
	   |-- fabric-convention-tags-v1 1.1.0+43ce63a460
	   |-- fabric-crash-report-info-v1 0.2.1+ee261a3e60
	   |-- fabric-data-generation-api-v1 3.1.0+6c70b68e60
	   |-- fabric-dimensions-v1 2.1.21+489d6f8260
	   |-- fabric-entity-events-v1 1.4.9+d7c144a860
	   |-- fabric-events-interaction-v0 0.4.20+d7c144a860
	   |-- fabric-events-lifecycle-v0 0.2.22+d7c144a860
	   |-- fabric-game-rule-api-v1 1.0.13+d7c144a860
	   |-- fabric-item-api-v1 1.6.2+8165403660
	   |-- fabric-item-groups-v0 0.3.16+91896a4960
	   |-- fabric-key-binding-api-v1 1.0.12+54e5b2ec60
	   |-- fabric-keybindings-v0 0.2.10+b4f4f6cd60
	   |-- fabric-lifecycle-events-v1 2.1.1+cc71601c60
	   |-- fabric-loot-api-v2 1.1.2+1997ad1260
	   |-- fabric-loot-tables-v1 1.1.4+e747827960
	   |-- fabric-mining-level-api-v1 2.1.6+cc71601c60
	   |-- fabric-models-v0 0.3.7+d7c144a860
	   |-- fabric-networking-api-v1 1.0.24+2d30af4b60
	   |-- fabric-networking-v0 0.3.11+b4f4f6cd60
	   |-- fabric-object-builder-api-v1 2.1.5+032c981d60
	   |-- fabric-particles-v1 0.2.13+526dc1ac60
	   |-- fabric-registry-sync-v0 0.9.12+bb2e047760
	   |-- fabric-renderer-api-v1 0.5.0+bf48649860
	   |-- fabric-renderer-indigo 0.6.1+03e2b68760
	   |-- fabric-renderer-registries-v1 3.2.13+b4f4f6cd60
	   |-- fabric-rendering-data-attachment-v1 0.3.9+ee3621fc60
	   |-- fabric-rendering-fluids-v1 2.0.3+54e5b2ec60
	   |-- fabric-rendering-v0 1.1.15+b4f4f6cd60
	   |-- fabric-rendering-v1 1.11.0+b7f3cf3460
	   |-- fabric-resource-conditions-api-v1 2.0.3+91b7aa6660
	   |-- fabric-resource-loader-v0 0.5.3+047a5ecb60
	   |-- fabric-screen-api-v1 1.0.11+d882b91560
	   |-- fabric-screen-handler-api-v1 1.2.3+1f6558e860
	   |-- fabric-textures-v0 1.0.13+3ac43d9560
	   |-- fabric-transfer-api-v1 1.6.4+f4563ac860
	   \-- fabric-transitive-access-wideners-v1 1.1.0+e747827960
	- fabric-language-kotlin 1.7.3+kotlin.1.6.20
	   |-- org_jetbrains_kotlin_kotlin-reflect 1.6.20
	   |-- org_jetbrains_kotlin_kotlin-stdlib 1.6.20
	   |-- org_jetbrains_kotlin_kotlin-stdlib-jdk7 1.6.20
	   |-- org_jetbrains_kotlin_kotlin-stdlib-jdk8 1.6.20
	   |-- org_jetbrains_kotlinx_kotlinx-coroutines-core-jvm 1.6.1
	   |-- org_jetbrains_kotlinx_kotlinx-coroutines-jdk8 1.6.1
	   |-- org_jetbrains_kotlinx_kotlinx-serialization-cbor-jvm 1.3.2
	   |-- org_jetbrains_kotlinx_kotlinx-serialization-core-jvm 1.3.2
	   \-- org_jetbrains_kotlinx_kotlinx-serialization-json-jvm 1.3.2
	- fabricloader 0.16.10
	   \-- mixinextras 0.4.1
	- indium 1.0.7+mc1.18.2
	- java 17
	- jei 10.2.1.283
	- lithium 0.7.10
	- minecraft 1.18.2
	- modmenu 3.2.5
	- noindium 1.0.2+1.18.2
	- omega-config 1.2.3-1.18.1
	- patchouli 1.18.2-66-FABRIC
	   \-- fiber 0.23.0-2
	- playerabilitylib 1.5.0
	- reborncore 5.2.0
	   \-- team_reborn_energy 2.2.0
	- sodium 0.4.1+build.15
	   \-- org_joml_joml 1.10.2
	- techreborn 5.2.0
	   \-- team_reborn_energy 2.2.0
	- xaerominimap 22.14.1
[19:36:48] [main/INFO]: SpongePowered MIXIN Subsystem Version=0.8.7 Source=file:/C:/Users/%d0%a2%d0%be%d0%bb%d0%b8%d0%ba-%d0%b5%d0%b1%d0%be%d0%bb%d0%b8%d0%ba/YamalPixel/libraries/net/fabricmc/sponge-mixin/0.15.4+mixin.0.8.7/sponge-mixin-0.15.4+mixin.0.8.7.jar Service=Knot/Fabric Env=CLIENT
[19:36:48] [main/INFO]: Compatibility level set to JAVA_16
[19:36:48] [main/INFO]: Compatibility level set to JAVA_17
[19:36:49] [main/INFO]: Loaded configuration file for Lithium: 102 options available, 0 override(s) found
[19:36:49] [main/INFO]: Loaded configuration file for Sodium: 29 options available, 0 override(s) found
[19:36:50] [main/INFO]: Trying to switch memory allocators to work around memory leaks present with Jemalloc 5.0.0 through 5.2.0 on Windows
[19:36:50] [main/INFO]: Initializing MixinExtras via com.llamalad7.mixinextras.service.MixinExtrasServiceImpl(version=0.4.1).
[19:36:51] [main/WARN]: COM exception: Invalid Class Win32_Processor
[19:36:51] [main/WARN]: COM exception: Invalid Class Win32_VideoController
[19:36:51] [main/WARN]: COM exception: Invalid Class Win32_PhysicalMemory
[19:37:00] [Render thread/INFO]: Environment: authHost='https://authserver.mojang.com', accountsHost='https://api.mojang.com', sessionHost='https://sessionserver.mojang.com', servicesHost='https://api.minecraftservices.com', name='PROD'
[19:37:03] [Render thread/ERROR]: Failed to verify authentication
com.mojang.authlib.exceptions.InvalidCredentialsException: Status: 401
	at com.mojang.authlib.exceptions.MinecraftClientHttpException.toAuthenticationException(MinecraftClientHttpException.java:56) ~[authlib-3.3.39.jar:?]
	at com.mojang.authlib.yggdrasil.YggdrasilUserApiService.fetchProperties(YggdrasilUserApiService.java:132) ~[authlib-3.3.39.jar:?]
	at com.mojang.authlib.yggdrasil.YggdrasilUserApiService.<init>(YggdrasilUserApiService.java:44) ~[authlib-3.3.39.jar:?]
	at com.mojang.authlib.yggdrasil.YggdrasilAuthenticationService.createUserApiService(YggdrasilAuthenticationService.java:153) ~[authlib-3.3.39.jar:?]
	at net.minecraft.class_310.method_31382(class_310.java:680) [client-intermediary.jar:?]
	at net.minecraft.class_310.<init>(class_310.java:424) [client-intermediary.jar:?]
	at net.minecraft.client.main.Main.main(Main.java:197) [client-intermediary.jar:?]
	at net.fabricmc.loader.impl.game.minecraft.MinecraftGameProvider.launch(MinecraftGameProvider.java:480) [fabric-loader-0.16.10.jar:?]
	at net.fabricmc.loader.impl.launch.knot.Knot.launch(Knot.java:74) [fabric-loader-0.16.10.jar:?]
	at net.fabricmc.loader.impl.launch.knot.KnotClient.main(KnotClient.java:23) [fabric-loader-0.16.10.jar:?]
Caused by: com.mojang.authlib.exceptions.MinecraftClientHttpException: Status: 401
	at com.mojang.authlib.minecraft.client.MinecraftClient.readInputStream(MinecraftClient.java:78) ~[authlib-3.3.39.jar:?]
	at com.mojang.authlib.minecraft.client.MinecraftClient.get(MinecraftClient.java:48) ~[authlib-3.3.39.jar:?]
	at com.mojang.authlib.yggdrasil.YggdrasilUserApiService.fetchProperties(YggdrasilUserApiService.java:113) ~[authlib-3.3.39.jar:?]
	... 8 more
[19:37:03] [Render thread/INFO]: Setting user: Moonmen
[19:37:08] [Render thread/INFO]: TechReborn setup done!
[19:37:08] [Render thread/INFO]: Registering S2C receiver with id architectury:spawn_entity_packet
[19:37:08] [Render thread/INFO]: [Indigo] Different rendering plugin detected; not applying Indigo.
[19:37:10] [Render thread/INFO]: Loading Xaero's Minimap - Stage 1/2
[19:37:12] [Render thread/INFO]: Backend library: LWJGL version 3.2.2 build 10
[19:37:16] [Render thread/WARN]: COM exception: Invalid Class Win32_Processor
[19:37:18] [Render thread/INFO]: Narrator library for x64 successfully loaded
[19:37:18] [Render thread/INFO]: Reloading ResourceManager: Default, Fabric Mods (Advanced Reborn, Auto Config v1 Updated, Better Dropped Items, Cloth Config v6, Fabric API, Fabric API Base, Fabric API Lookup API (v1), Fabric Biome API (v1), Fabric BlockRenderLayer Registration (v1), Fabric Command API (v1), Fabric Commands (v0), Fabric Containers (v0), Fabric Content Registries (v0), Fabric Convention Tags, Fabric Crash Report Info (v1), Fabric Data Generation API (v1), Fabric Dimensions API (v1), Fabric Entity Events (v1), Fabric Events Interaction (v0), Fabric Events Lifecycle (v0), Fabric Game Rule API (v1), Fabric Item API (v1), Fabric Item Groups (v0), Fabric Key Binding API (v1), Fabric Key Bindings (v0), Fabric Language Kotlin, Fabric Lifecycle Events (v1), Fabric Loot API (v2), Fabric Loot Tables (v1), Fabric Mining Level API (v1), Fabric Models (v0), Fabric Networking API (v1), Fabric Networking (v0), Fabric Object Builder API (v1), Fabric Particles (v1), Fabric Registry Sync (v0), Fabric Renderer API (v1), Fabric Renderer - Indigo, Fabric Renderer Registries (v1), Fabric Rendering Data Attachment (v1), Fabric Rendering Fluids (v1), Fabric Rendering (v0), Fabric Rendering (v1), Fabric Resource Conditions API (v1), Fabric Resource Loader (v0), Fabric Screen API (v1), Fabric Screen Handler API (v1), Fabric Textures (v0), Fabric Transfer API (v1), Fabric Transitive Access Wideners (v1), Fabric Loader, Indium, Just Enough Items, Lithium, Mod Menu, No Indium?, OmegaConfig, Patchouli, Pal, Reborn Core, Sodium, Energy, Tech Reborn, Xaero's Minimap)
[19:37:19] [Realms Notification Availability checker #1/INFO]: Could not authorize you against Realms server: Invalid session id
[19:37:19] [Render thread/INFO]: Loading Xaero's Minimap - Stage 2/2
[19:37:21] [Render thread/INFO]: No Optifine!
[19:37:22] [Worker-Main-22/WARN]: Unable to load model: 'advanced_reborn:z_add_items#inventory' referenced from: advanced_reborn:z_add_items#inventory: java.io.FileNotFoundException: advanced_reborn:models/item/z_add_items.json
[19:37:22] [Worker-Main-22/WARN]: Texture advanced_reborn:particle/energy with size 8x8 limits mip level from 4 to 3
[19:37:22] [Worker-Main-22/WARN]: minecraft:textures/atlas/blocks.png: dropping miplevel from 4 to 3, because of minimum power of two: 8
[19:37:23] [Worker-Main-25/WARN]: Unused frames in sprite advanced_reborn:blocks/renaming_machine/front_on: [2]
[19:37:23] [Render thread/INFO]: OpenAL initialized on device OpenAL Soft on Динамики (2- USB Audio Device)
[19:37:23] [Render thread/INFO]: Sound engine started
[19:37:23] [Render thread/INFO]: Created: 2048x1024x3 minecraft:textures/atlas/blocks.png-atlas
[19:37:23] [Render thread/INFO]: Created: 256x128x4 minecraft:textures/atlas/signs.png-atlas
[19:37:23] [Render thread/INFO]: Created: 1024x512x4 minecraft:textures/atlas/banner_patterns.png-atlas
[19:37:23] [Render thread/INFO]: Created: 1024x512x4 minecraft:textures/atlas/shield_patterns.png-atlas
[19:37:23] [Render thread/INFO]: Created: 256x256x4 minecraft:textures/atlas/chest.png-atlas
[19:37:23] [Render thread/INFO]: Created: 512x256x4 minecraft:textures/atlas/beds.png-atlas
[19:37:23] [Render thread/INFO]: Created: 512x256x4 minecraft:textures/atlas/shulker_boxes.png-atlas
[19:37:24] [Render thread/INFO]: Created: 256x256x0 minecraft:textures/atlas/particles.png-atlas
[19:37:24] [Render thread/INFO]: Created: 256x256x0 minecraft:textures/atlas/paintings.png-atlas
[19:37:24] [Render thread/INFO]: Created: 256x128x0 minecraft:textures/atlas/mob_effects.png-atlas
[19:37:24] [Render thread/INFO]: Created: 256x256x0 jei:textures/atlas/gui.png-atlas
[19:37:25] [Render thread/INFO]: BookContentResourceListenerLoader preloaded 41 jsons
[19:37:25] [Render thread/INFO]: Not reloading resource pack-based books as client world is missing
[19:37:25] [Render thread/INFO]: Successfully reloaded the minimap shaders!
[19:41:38] [Render thread/INFO]: Stopping!
