[07:04:01] [main/INFO]: Loading Minecraft 1.18.2 with Fabric Loader 0.16.10
[07:04:01] [main/INFO]: Loading 4 mods:
	- fabricloader 0.16.10
	   \-- mixinextras 0.4.1
	- java 17
	- minecraft 1.18.2
[07:04:01] [main/INFO]: SpongePowered MIXIN Subsystem Version=0.8.7 Source=file:/C:/Users/%d0%a2%d0%be%d0%bb%d0%b8%d0%ba-%d0%b5%d0%b1%d0%be%d0%bb%d0%b8%d0%ba/YamalPixel/libraries/net/fabricmc/sponge-mixin/0.15.4+mixin.0.8.7/sponge-mixin-0.15.4+mixin.0.8.7.jar Service=Knot/Fabric Env=CLIENT
[07:04:02] [main/WARN]: COM exception: Invalid Class Win32_Processor
[07:04:02] [main/WARN]: COM exception: Invalid Class Win32_VideoController
[07:04:02] [main/WARN]: COM exception: Invalid Class Win32_PhysicalMemory
[07:04:09] [Render thread/INFO]: Environment: authHost='https://authserver.mojang.com', accountsHost='https://api.mojang.com', sessionHost='https://sessionserver.mojang.com', servicesHost='https://api.minecraftservices.com', name='PROD'
[07:04:10] [Render thread/ERROR]: Failed to verify authentication
com.mojang.authlib.exceptions.InvalidCredentialsException: Status: 401
	at com.mojang.authlib.exceptions.MinecraftClientHttpException.toAuthenticationException(MinecraftClientHttpException.java:56) ~[authlib-3.3.39.jar:?]
	at com.mojang.authlib.yggdrasil.YggdrasilUserApiService.fetchProperties(YggdrasilUserApiService.java:132) ~[authlib-3.3.39.jar:?]
	at com.mojang.authlib.yggdrasil.YggdrasilUserApiService.<init>(YggdrasilUserApiService.java:44) ~[authlib-3.3.39.jar:?]
	at com.mojang.authlib.yggdrasil.YggdrasilAuthenticationService.createUserApiService(YggdrasilAuthenticationService.java:153) ~[authlib-3.3.39.jar:?]
	at net.minecraft.class_310.method_31382(class_310.java:680) [client-intermediary.jar:?]
	at net.minecraft.class_310.<init>(class_310.java:424) [client-intermediary.jar:?]
	at net.minecraft.client.main.Main.main(Main.java:197) [client-intermediary.jar:?]
	at net.fabricmc.loader.impl.game.minecraft.MinecraftGameProvider.launch(MinecraftGameProvider.java:480) [fabric-loader-0.16.10.jar:?]
	at net.fabricmc.loader.impl.launch.knot.Knot.launch(Knot.java:74) [fabric-loader-0.16.10.jar:?]
	at net.fabricmc.loader.impl.launch.knot.KnotClient.main(KnotClient.java:23) [fabric-loader-0.16.10.jar:?]
Caused by: com.mojang.authlib.exceptions.MinecraftClientHttpException: Status: 401
	at com.mojang.authlib.minecraft.client.MinecraftClient.readInputStream(MinecraftClient.java:78) ~[authlib-3.3.39.jar:?]
	at com.mojang.authlib.minecraft.client.MinecraftClient.get(MinecraftClient.java:48) ~[authlib-3.3.39.jar:?]
	at com.mojang.authlib.yggdrasil.YggdrasilUserApiService.fetchProperties(YggdrasilUserApiService.java:113) ~[authlib-3.3.39.jar:?]
	... 8 more
[07:04:10] [Render thread/INFO]: Setting user: Moonmen
[07:04:11] [Render thread/INFO]: Backend library: LWJGL version 3.2.2 build 10
[07:04:18] [Render thread/WARN]: COM exception: Invalid Class Win32_Processor
[07:04:18] [Render thread/WARN]: Removed resource pack Fabric Mods from options because it doesn't seem to exist anymore
[07:04:20] [Render thread/INFO]: Narrator library for x64 successfully loaded
[07:04:20] [Render thread/INFO]: Reloading ResourceManager: Default
[07:04:20] [Render thread/INFO]: Connecting to 90.151.59.120, 25565
[07:04:27] [Render thread/INFO]: OpenAL initialized on device OpenAL Soft on Динамики (3- USB Audio Device)
[07:04:27] [Render thread/INFO]: Sound engine started
[07:04:27] [Render thread/INFO]: Created: 1024x1024x4 minecraft:textures/atlas/blocks.png-atlas
[07:04:27] [Render thread/INFO]: Created: 256x128x4 minecraft:textures/atlas/signs.png-atlas
[07:04:28] [Render thread/INFO]: Created: 1024x512x4 minecraft:textures/atlas/banner_patterns.png-atlas
[07:04:28] [Render thread/INFO]: Created: 1024x512x4 minecraft:textures/atlas/shield_patterns.png-atlas
[07:04:28] [Render thread/INFO]: Created: 256x256x4 minecraft:textures/atlas/chest.png-atlas
[07:04:28] [Render thread/INFO]: Created: 512x256x4 minecraft:textures/atlas/beds.png-atlas
[07:04:28] [Render thread/INFO]: Created: 512x256x4 minecraft:textures/atlas/shulker_boxes.png-atlas
[07:04:30] [Render thread/INFO]: Created: 256x256x0 minecraft:textures/atlas/particles.png-atlas
[07:04:30] [Render thread/INFO]: Created: 256x256x0 minecraft:textures/atlas/paintings.png-atlas
[07:04:30] [Render thread/INFO]: Created: 256x128x0 minecraft:textures/atlas/mob_effects.png-atlas
[07:04:30] [Render thread/INFO]: Stopping!
